2026-02-18 10:45:34 | INFO     | NetworkSimulator | Startup: BackendServer
2026-02-18 10:45:34 | INFO     | NetworkSimulator | Startup: NetworkAPI
2026-02-18 10:45:34 | INFO     | NetworkSimulator | Starting server on 0.0.0.0:5002
2026-02-18 10:46:33 | INFO     | NetworkSimulator | API Request: GET /api/topology
2026-02-18 10:46:33 | INFO     | NetworkSimulator | API Response: GET /api/topology -> 200
2026-02-18 10:47:19 | INFO     | NetworkSimulator | API Request: GET /api/topology
2026-02-18 10:47:19 | INFO     | NetworkSimulator | API Response: GET /api/topology -> 200
2026-02-18 11:17:10 | INFO     | NetworkSimulator | API Request: GET /api/topology
2026-02-18 11:17:10 | INFO     | NetworkSimulator | API Response: GET /api/topology -> 200
2026-02-18 11:17:44 | INFO     | NetworkSimulator | API Request: GET /api/topology
2026-02-18 11:17:44 | INFO     | NetworkSimulator | API Response: GET /api/topology -> 200
2026-02-18 15:37:32 | INFO     | NetworkSimulator | API Request: GET /api/topology
2026-02-18 15:37:32 | INFO     | NetworkSimulator | API Response: GET /api/topology -> 200
2026-02-18 15:40:17 | INFO     | NetworkSimulator | API Request: GET /api/topology
2026-02-18 15:40:17 | INFO     | NetworkSimulator | API Response: GET /api/topology -> 200
2026-02-18 15:40:36 | INFO     | NetworkSimulator | API Request: GET /api/topology
2026-02-18 15:40:36 | INFO     | NetworkSimulator | API Response: GET /api/topology -> 200
2026-02-18 15:42:07 | INFO     | NetworkSimulator | API Request: GET /api/topology
2026-02-18 15:42:07 | INFO     | NetworkSimulator | API Response: GET /api/topology -> 200
2026-02-18 15:45:23 | INFO     | NetworkSimulator | API Request: GET /api/topology
2026-02-18 15:45:23 | INFO     | NetworkSimulator | API Response: GET /api/topology -> 200
2026-02-18 15:45:38 | INFO     | NetworkSimulator | API Request: GET /api/topology
2026-02-18 15:45:38 | INFO     | NetworkSimulator | API Response: GET /api/topology -> 200
2026-02-18 15:46:35 | INFO     | NetworkSimulator | API Request: POST /api/topology/reset
2026-02-18 15:46:35 | INFO     | NetworkSimulator | Topology Change: reset | [node_count=4 | link_count=6]
2026-02-18 15:46:35 | INFO     | NetworkSimulator | API Response: POST /api/topology/reset -> 200
2026-02-18 15:46:35 | INFO     | NetworkSimulator | API Request: GET /api/topology
2026-02-18 15:46:35 | INFO     | NetworkSimulator | API Response: GET /api/topology -> 200
2026-02-18 15:46:46 | INFO     | NetworkSimulator | API Request: POST /api/test/scenario/node_failure
2026-02-18 15:46:46 | INFO     | NetworkSimulator | STP Recalculation | [root_node=Node1 | link_count=2]
2026-02-18 15:46:46 | INFO     | NetworkSimulator | Scenario Executed: node_failure | [result=success]
2026-02-18 15:46:46 | INFO     | NetworkSimulator | API Response: POST /api/test/scenario/node_failure -> 200
2026-02-18 15:46:46 | INFO     | NetworkSimulator | API Request: GET /api/topology
2026-02-18 15:46:46 | INFO     | NetworkSimulator | API Response: GET /api/topology -> 200
2026-02-18 15:47:03 | INFO     | NetworkSimulator | API Request: POST /api/links/b362c2bc-1<->d8b6fec4-1/toggle
2026-02-18 15:47:03 | INFO     | NetworkSimulator | STP Recalculation | [root_node=Node1 | link_count=2]
2026-02-18 15:47:03 | INFO     | NetworkSimulator | Link Event: toggled_to_DOWN | [link_id=b362c2bc-1<->d8b6fec4-1]
2026-02-18 15:47:03 | INFO     | NetworkSimulator | API Response: POST /api/links/b362c2bc-1<->d8b6fec4-1/toggle -> 200
2026-02-18 15:47:03 | INFO     | NetworkSimulator | API Request: GET /api/topology
2026-02-18 15:47:03 | INFO     | NetworkSimulator | API Response: GET /api/topology -> 200
2026-02-18 15:47:05 | INFO     | NetworkSimulator | API Request: POST /api/links/b362c2bc-1<->d8b6fec4-1/toggle
2026-02-18 15:47:05 | INFO     | NetworkSimulator | STP Recalculation | [root_node=Node1 | link_count=2]
2026-02-18 15:47:05 | INFO     | NetworkSimulator | Link Event: toggled_to_UP | [link_id=b362c2bc-1<->d8b6fec4-1]
2026-02-18 15:47:05 | INFO     | NetworkSimulator | API Response: POST /api/links/b362c2bc-1<->d8b6fec4-1/toggle -> 200
2026-02-18 15:47:05 | INFO     | NetworkSimulator | API Request: GET /api/topology
2026-02-18 15:47:05 | INFO     | NetworkSimulator | API Response: GET /api/topology -> 200
2026-02-18 15:47:06 | INFO     | NetworkSimulator | API Request: POST /api/links/b362c2bc-1<->d8b6fec4-1/toggle
2026-02-18 15:47:06 | INFO     | NetworkSimulator | Link Event: toggled_to_DOWN | [link_id=b362c2bc-1<->d8b6fec4-1]
2026-02-18 15:47:06 | INFO     | NetworkSimulator | API Response: POST /api/links/b362c2bc-1<->d8b6fec4-1/toggle -> 200
2026-02-18 15:47:06 | INFO     | NetworkSimulator | API Request: GET /api/topology
2026-02-18 15:47:06 | INFO     | NetworkSimulator | API Response: GET /api/topology -> 200
2026-02-18 15:47:07 | INFO     | NetworkSimulator | API Request: POST /api/links/b362c2bc-1<->d8b6fec4-1/toggle
2026-02-18 15:47:07 | INFO     | NetworkSimulator | STP Recalculation | [root_node=Node1 | link_count=2]
2026-02-18 15:47:07 | INFO     | NetworkSimulator | Link Event: toggled_to_UP | [link_id=b362c2bc-1<->d8b6fec4-1]
2026-02-18 15:47:07 | INFO     | NetworkSimulator | API Response: POST /api/links/b362c2bc-1<->d8b6fec4-1/toggle -> 200
2026-02-18 15:47:07 | INFO     | NetworkSimulator | API Request: GET /api/topology
2026-02-18 15:47:07 | INFO     | NetworkSimulator | API Response: GET /api/topology -> 200
2026-02-18 15:48:27 | INFO     | NetworkSimulator | API Request: GET /api/topology
2026-02-18 15:48:27 | INFO     | NetworkSimulator | API Response: GET /api/topology -> 200
2026-02-18 15:48:37 | INFO     | NetworkSimulator | API Request: POST /api/nodes/884fffc6/recover
2026-02-18 15:48:37 | INFO     | NetworkSimulator | STP Recalculation | [root_node=Node3 | link_count=3]
2026-02-18 15:48:37 | INFO     | NetworkSimulator | Node Event: recovered | [node_id=884fffc6] | Context: node_name=Node3
2026-02-18 15:48:37 | INFO     | NetworkSimulator | API Response: POST /api/nodes/884fffc6/recover -> 200
2026-02-18 15:48:37 | INFO     | NetworkSimulator | API Request: GET /api/topology
2026-02-18 15:48:37 | INFO     | NetworkSimulator | API Response: GET /api/topology -> 200
2026-02-18 15:48:39 | INFO     | NetworkSimulator | API Request: POST /api/nodes/884fffc6/recover
2026-02-18 15:48:39 | INFO     | NetworkSimulator | STP Recalculation | [root_node=Node3 | link_count=3]
2026-02-18 15:48:39 | INFO     | NetworkSimulator | Node Event: recovered | [node_id=884fffc6] | Context: node_name=Node3
2026-02-18 15:48:39 | INFO     | NetworkSimulator | API Response: POST /api/nodes/884fffc6/recover -> 200
2026-02-18 15:48:39 | INFO     | NetworkSimulator | API Request: GET /api/topology
2026-02-18 15:48:39 | INFO     | NetworkSimulator | API Response: GET /api/topology -> 200
2026-02-18 15:48:43 | INFO     | NetworkSimulator | API Request: POST /api/nodes/f97157f6/fail
2026-02-18 15:48:43 | INFO     | NetworkSimulator | STP Recalculation | [root_node=Node3 | link_count=2]
2026-02-18 15:48:43 | INFO     | NetworkSimulator | Node Event: failed | [node_id=f97157f6] | Context: node_name=Node4
2026-02-18 15:48:43 | INFO     | NetworkSimulator | API Response: POST /api/nodes/f97157f6/fail -> 200
2026-02-18 15:48:43 | INFO     | NetworkSimulator | API Request: GET /api/topology
2026-02-18 15:48:43 | INFO     | NetworkSimulator | API Response: GET /api/topology -> 200
2026-02-18 15:48:49 | INFO     | NetworkSimulator | API Request: POST /api/test/scenario/link_recovery
2026-02-18 15:48:49 | INFO     | NetworkSimulator | STP Recalculation | [root_node=Node3 | link_count=2]
2026-02-18 15:48:49 | INFO     | NetworkSimulator | Scenario Executed: link_recovery | [result=success]
2026-02-18 15:48:49 | INFO     | NetworkSimulator | API Response: POST /api/test/scenario/link_recovery -> 200
2026-02-18 15:48:49 | INFO     | NetworkSimulator | API Request: GET /api/topology
2026-02-18 15:48:49 | INFO     | NetworkSimulator | API Response: GET /api/topology -> 200
2026-02-18 15:48:50 | INFO     | NetworkSimulator | API Request: POST /api/test/scenario/link_recovery
2026-02-18 15:48:50 | INFO     | NetworkSimulator | Scenario Executed: link_recovery | [result=success]
2026-02-18 15:48:50 | INFO     | NetworkSimulator | API Response: POST /api/test/scenario/link_recovery -> 200
2026-02-18 15:48:50 | INFO     | NetworkSimulator | API Request: GET /api/topology
2026-02-18 15:48:50 | INFO     | NetworkSimulator | API Response: GET /api/topology -> 200
2026-02-18 15:48:51 | INFO     | NetworkSimulator | API Request: POST /api/test/scenario/node_failure
2026-02-18 15:48:51 | INFO     | NetworkSimulator | STP Recalculation | [root_node=Node1 | link_count=1]
2026-02-18 15:48:51 | INFO     | NetworkSimulator | Scenario Executed: node_failure | [result=success]
2026-02-18 15:48:51 | INFO     | NetworkSimulator | API Response: POST /api/test/scenario/node_failure -> 200
2026-02-18 15:48:51 | INFO     | NetworkSimulator | API Request: GET /api/topology
2026-02-18 15:48:51 | INFO     | NetworkSimulator | API Response: GET /api/topology -> 200
2026-02-18 15:48:52 | INFO     | NetworkSimulator | API Request: POST /api/test/scenario/node_failure
2026-02-18 15:48:52 | INFO     | NetworkSimulator | STP Recalculation | [root_node=Node1 | link_count=1]
2026-02-18 15:48:52 | INFO     | NetworkSimulator | Scenario Executed: node_failure | [result=success]
2026-02-18 15:48:52 | INFO     | NetworkSimulator | API Response: POST /api/test/scenario/node_failure -> 200
2026-02-18 15:48:52 | INFO     | NetworkSimulator | API Request: GET /api/topology
2026-02-18 15:48:52 | INFO     | NetworkSimulator | API Response: GET /api/topology -> 200
2026-02-18 15:48:52 | INFO     | NetworkSimulator | API Request: POST /api/test/scenario/node_failure
2026-02-18 15:48:52 | INFO     | NetworkSimulator | Scenario Executed: node_failure | [result=success]
2026-02-18 15:48:52 | INFO     | NetworkSimulator | API Response: POST /api/test/scenario/node_failure -> 200
2026-02-18 15:48:52 | INFO     | NetworkSimulator | API Request: GET /api/topology
2026-02-18 15:48:52 | INFO     | NetworkSimulator | API Response: GET /api/topology -> 200
2026-02-18 15:48:56 | INFO     | NetworkSimulator | API Request: POST /api/nodes/f97157f6/recover
2026-02-18 15:48:56 | INFO     | NetworkSimulator | STP Recalculation | [root_node=Node1 | link_count=2]
2026-02-18 15:48:56 | INFO     | NetworkSimulator | Node Event: recovered | [node_id=f97157f6] | Context: node_name=Node4
2026-02-18 15:48:56 | INFO     | NetworkSimulator | API Response: POST /api/nodes/f97157f6/recover -> 200
2026-02-18 15:48:56 | INFO     | NetworkSimulator | API Request: GET /api/topology
2026-02-18 15:48:56 | INFO     | NetworkSimulator | API Response: GET /api/topology -> 200
2026-02-18 15:48:59 | INFO     | NetworkSimulator | API Request: POST /api/nodes/f97157f6/recover
2026-02-18 15:48:59 | INFO     | NetworkSimulator | STP Recalculation | [root_node=Node1 | link_count=2]
2026-02-18 15:48:59 | INFO     | NetworkSimulator | Node Event: recovered | [node_id=f97157f6] | Context: node_name=Node4
2026-02-18 15:48:59 | INFO     | NetworkSimulator | API Response: POST /api/nodes/f97157f6/recover -> 200
2026-02-18 15:48:59 | INFO     | NetworkSimulator | API Request: GET /api/topology
2026-02-18 15:48:59 | INFO     | NetworkSimulator | API Response: GET /api/topology -> 200
2026-02-18 15:48:59 | INFO     | NetworkSimulator | API Request: POST /api/nodes/f97157f6/recover
2026-02-18 15:48:59 | INFO     | NetworkSimulator | Node Event: recovered | [node_id=f97157f6] | Context: node_name=Node4
2026-02-18 15:48:59 | INFO     | NetworkSimulator | API Response: POST /api/nodes/f97157f6/recover -> 200
2026-02-18 15:48:59 | INFO     | NetworkSimulator | API Request: GET /api/topology
2026-02-18 15:48:59 | INFO     | NetworkSimulator | API Response: GET /api/topology -> 200
2026-02-18 15:48:59 | INFO     | NetworkSimulator | API Request: POST /api/nodes/f97157f6/recover
2026-02-18 15:48:59 | INFO     | NetworkSimulator | Node Event: recovered | [node_id=f97157f6] | Context: node_name=Node4
2026-02-18 15:48:59 | INFO     | NetworkSimulator | API Response: POST /api/nodes/f97157f6/recover -> 200
2026-02-18 15:48:59 | INFO     | NetworkSimulator | API Request: GET /api/topology
2026-02-18 15:48:59 | INFO     | NetworkSimulator | API Response: GET /api/topology -> 200
2026-02-18 15:49:01 | INFO     | NetworkSimulator | API Request: POST /api/topology/reset
2026-02-18 15:49:01 | INFO     | NetworkSimulator | Topology Change: reset | [node_count=4 | link_count=6]
2026-02-18 15:49:01 | INFO     | NetworkSimulator | API Response: POST /api/topology/reset -> 200
2026-02-18 15:49:01 | INFO     | NetworkSimulator | API Request: GET /api/topology
2026-02-18 15:49:01 | INFO     | NetworkSimulator | API Response: GET /api/topology -> 200
2026-02-18 15:49:02 | INFO     | NetworkSimulator | API Request: POST /api/topology/reset
2026-02-18 15:49:02 | INFO     | NetworkSimulator | Topology Change: reset | [node_count=4 | link_count=6]
2026-02-18 15:49:02 | INFO     | NetworkSimulator | API Response: POST /api/topology/reset -> 200
2026-02-18 15:49:02 | INFO     | NetworkSimulator | API Request: GET /api/topology
2026-02-18 15:49:02 | INFO     | NetworkSimulator | API Response: GET /api/topology -> 200
2026-02-18 15:49:02 | INFO     | NetworkSimulator | API Request: POST /api/topology/reset
2026-02-18 15:49:02 | INFO     | NetworkSimulator | Topology Change: reset | [node_count=4 | link_count=6]
2026-02-18 15:49:02 | INFO     | NetworkSimulator | API Response: POST /api/topology/reset -> 200
2026-02-18 15:49:02 | INFO     | NetworkSimulator | API Request: GET /api/topology
2026-02-18 15:49:02 | INFO     | NetworkSimulator | API Response: GET /api/topology -> 200
2026-02-18 15:49:02 | INFO     | NetworkSimulator | API Request: POST /api/topology/reset
2026-02-18 15:49:02 | INFO     | NetworkSimulator | Topology Change: reset | [node_count=4 | link_count=6]
2026-02-18 15:49:02 | INFO     | NetworkSimulator | API Response: POST /api/topology/reset -> 200
2026-02-18 15:49:02 | INFO     | NetworkSimulator | API Request: GET /api/topology
2026-02-18 15:49:02 | INFO     | NetworkSimulator | API Response: GET /api/topology -> 200
2026-02-18 15:49:03 | INFO     | NetworkSimulator | API Request: POST /api/topology/reset
2026-02-18 15:49:03 | INFO     | NetworkSimulator | Topology Change: reset | [node_count=4 | link_count=6]
2026-02-18 15:49:03 | INFO     | NetworkSimulator | API Response: POST /api/topology/reset -> 200
2026-02-18 15:49:03 | INFO     | NetworkSimulator | API Request: GET /api/topology
2026-02-18 15:49:03 | INFO     | NetworkSimulator | API Response: GET /api/topology -> 200
2026-02-18 15:49:03 | INFO     | NetworkSimulator | API Request: POST /api/topology/reset
2026-02-18 15:49:03 | INFO     | NetworkSimulator | Topology Change: reset | [node_count=4 | link_count=6]
2026-02-18 15:49:03 | INFO     | NetworkSimulator | API Response: POST /api/topology/reset -> 200
2026-02-18 15:49:03 | INFO     | NetworkSimulator | API Request: GET /api/topology
2026-02-18 15:49:03 | INFO     | NetworkSimulator | API Response: GET /api/topology -> 200
2026-02-18 15:49:03 | INFO     | NetworkSimulator | API Request: POST /api/topology/reset
2026-02-18 15:49:03 | INFO     | NetworkSimulator | Topology Change: reset | [node_count=4 | link_count=6]
2026-02-18 15:49:03 | INFO     | NetworkSimulator | API Response: POST /api/topology/reset -> 200
2026-02-18 15:49:03 | INFO     | NetworkSimulator | API Request: GET /api/topology
2026-02-18 15:49:03 | INFO     | NetworkSimulator | API Response: GET /api/topology -> 200
2026-02-18 15:49:03 | INFO     | NetworkSimulator | API Request: POST /api/topology/reset
2026-02-18 15:49:03 | INFO     | NetworkSimulator | Topology Change: reset | [node_count=4 | link_count=6]
2026-02-18 15:49:03 | INFO     | NetworkSimulator | API Response: POST /api/topology/reset -> 200
2026-02-18 15:49:03 | INFO     | NetworkSimulator | API Request: GET /api/topology
2026-02-18 15:49:03 | INFO     | NetworkSimulator | API Response: GET /api/topology -> 200
2026-02-18 15:49:04 | INFO     | NetworkSimulator | API Request: POST /api/topology/reset
2026-02-18 15:49:04 | INFO     | NetworkSimulator | Topology Change: reset | [node_count=4 | link_count=6]
2026-02-18 15:49:04 | INFO     | NetworkSimulator | API Response: POST /api/topology/reset -> 200
2026-02-18 15:49:04 | INFO     | NetworkSimulator | API Request: GET /api/topology
2026-02-18 15:49:04 | INFO     | NetworkSimulator | API Response: GET /api/topology -> 200
2026-02-18 15:53:18 | INFO     | NetworkSimulator | API Request: POST /api/test/scenario/link_failure
2026-02-18 15:53:18 | INFO     | NetworkSimulator | STP Recalculation | [root_node=Node4 | link_count=3]
2026-02-18 15:53:18 | INFO     | NetworkSimulator | Scenario Executed: link_failure | [result=success]
2026-02-18 15:53:18 | INFO     | NetworkSimulator | API Response: POST /api/test/scenario/link_failure -> 200
2026-02-18 15:53:18 | INFO     | NetworkSimulator | API Request: GET /api/topology
2026-02-18 15:53:18 | INFO     | NetworkSimulator | API Response: GET /api/topology -> 200
2026-02-18 15:53:51 | INFO     | NetworkSimulator | API Request: POST /api/test/scenario/link_failure
2026-02-18 15:53:51 | INFO     | NetworkSimulator | STP Recalculation | [root_node=Node4 | link_count=3]
2026-02-18 15:53:51 | INFO     | NetworkSimulator | Scenario Executed: link_failure | [result=success]
2026-02-18 15:53:51 | INFO     | NetworkSimulator | API Response: POST /api/test/scenario/link_failure -> 200
2026-02-18 15:53:51 | INFO     | NetworkSimulator | API Request: GET /api/topology
2026-02-18 15:53:51 | INFO     | NetworkSimulator | API Response: GET /api/topology -> 200
2026-02-18 15:53:56 | INFO     | NetworkSimulator | API Request: POST /api/test/scenario/link_failure
2026-02-18 15:53:56 | INFO     | NetworkSimulator | STP Recalculation | [root_node=Node4 | link_count=3]
2026-02-18 15:53:56 | INFO     | NetworkSimulator | Scenario Executed: link_failure | [result=success]
2026-02-18 15:53:56 | INFO     | NetworkSimulator | API Response: POST /api/test/scenario/link_failure -> 200
2026-02-18 15:53:56 | INFO     | NetworkSimulator | API Request: GET /api/topology
2026-02-18 15:53:56 | INFO     | NetworkSimulator | API Response: GET /api/topology -> 200
2026-02-18 15:54:09 | INFO     | NetworkSimulator | API Request: POST /api/test/scenario/link_failure
2026-02-18 15:54:09 | INFO     | NetworkSimulator | STP Recalculation | [root_node=Node4 | link_count=3]
2026-02-18 15:54:09 | INFO     | NetworkSimulator | Scenario Executed: link_failure | [result=success]
2026-02-18 15:54:09 | INFO     | NetworkSimulator | API Response: POST /api/test/scenario/link_failure -> 200
2026-02-18 15:54:09 | INFO     | NetworkSimulator | API Request: GET /api/topology
2026-02-18 15:54:09 | INFO     | NetworkSimulator | API Response: GET /api/topology -> 200
2026-02-18 15:54:14 | INFO     | NetworkSimulator | API Request: POST /api/test/scenario/link_failure
2026-02-18 15:54:14 | INFO     | NetworkSimulator | STP Recalculation | [root_node=Node4 | link_count=3]
2026-02-18 15:54:14 | INFO     | NetworkSimulator | Scenario Executed: link_failure | [result=success]
2026-02-18 15:54:14 | INFO     | NetworkSimulator | API Response: POST /api/test/scenario/link_failure -> 200
2026-02-18 15:54:14 | INFO     | NetworkSimulator | API Request: GET /api/topology
2026-02-18 15:54:14 | INFO     | NetworkSimulator | API Response: GET /api/topology -> 200
2026-02-18 16:19:46 | INFO     | NetworkSimulator | Startup: BackendServer
2026-02-18 16:19:46 | INFO     | NetworkSimulator | Startup: NetworkAPI
2026-02-18 16:19:46 | INFO     | NetworkSimulator | Starting server on 0.0.0.0:5002
2026-02-18 16:20:28 | INFO     | NetworkSimulator | API Request: GET /api/debug/status
2026-02-18 16:20:28 | INFO     | NetworkSimulator | API Response: GET /api/debug/status -> 200
2026-02-18 16:21:01 | INFO     | NetworkSimulator | API Request: GET /api/debug/status
2026-02-18 16:21:01 | INFO     | NetworkSimulator | API Response: GET /api/debug/status -> 200
2026-02-18 16:21:29 | INFO     | NetworkSimulator | API Request: GET /api/debug/nodes/0c1cf9a5
2026-02-18 16:21:29 | INFO     | NetworkSimulator | API Response: GET /api/debug/nodes/0c1cf9a5 -> 200
2026-02-18 16:22:22 | INFO     | NetworkSimulator | API Request: GET /api/topology
2026-02-18 16:22:22 | INFO     | NetworkSimulator | API Response: GET /api/topology -> 200
2026-02-18 16:30:48 | INFO     | NetworkSimulator | API Request: GET /api/debug/nodes/80088835
2026-02-18 16:30:48 | INFO     | NetworkSimulator | API Response: GET /api/debug/nodes/80088835 -> 200
2026-02-18 16:32:22 | INFO     | NetworkSimulator | API Request: GET /api/debug/nodes/80088835
2026-02-18 16:32:22 | INFO     | NetworkSimulator | API Response: GET /api/debug/nodes/80088835 -> 200
2026-02-18 20:01:40 | INFO     | NetworkSimulator | Startup: BackendServer
2026-02-18 20:01:40 | INFO     | NetworkSimulator | Startup: NetworkAPI
2026-02-18 20:01:40 | INFO     | NetworkSimulator | Starting server on 0.0.0.0:5002
2026-02-18 20:01:53 | INFO     | NetworkSimulator | API Request: GET /api/topology
2026-02-18 20:01:53 | INFO     | NetworkSimulator | API Response: GET /api/topology -> 200
2026-02-18 20:44:28 | INFO     | NetworkSimulator | Startup: BackendServer
2026-02-18 20:44:28 | INFO     | NetworkSimulator | Startup: NetworkAPI
2026-02-18 20:44:28 | INFO     | NetworkSimulator | Starting server on 0.0.0.0:5002
2026-02-18 20:44:34 | INFO     | NetworkSimulator | API Request: GET /api/topology
2026-02-18 20:44:34 | INFO     | NetworkSimulator | API Response: GET /api/topology -> 200
2026-02-18 21:11:42 | INFO     | NetworkSimulator | Startup: BackendServer
2026-02-18 21:11:42 | INFO     | NetworkSimulator | Startup: NetworkAPI
2026-02-18 21:11:42 | INFO     | NetworkSimulator | Starting server on 0.0.0.0:5002
2026-02-18 21:13:03 | INFO     | NetworkSimulator | API Request: GET /api/topology
2026-02-18 21:13:03 | INFO     | NetworkSimulator | API Response: GET /api/topology -> 200
2026-02-18 21:14:41 | INFO     | NetworkSimulator | API Request: POST /api/test/scenario/link_failure
2026-02-18 21:14:41 | INFO     | NetworkSimulator | STP Recalculation | [root_node=Node1 | link_count=3]
2026-02-18 21:14:41 | INFO     | NetworkSimulator | Scenario Executed: link_failure | [result=success]
2026-02-18 21:14:41 | INFO     | NetworkSimulator | API Response: POST /api/test/scenario/link_failure -> 200
2026-02-18 21:14:41 | INFO     | NetworkSimulator | API Request: GET /api/topology
2026-02-18 21:14:41 | INFO     | NetworkSimulator | API Response: GET /api/topology -> 200
2026-02-18 21:14:49 | INFO     | NetworkSimulator | API Request: POST /api/test/scenario/link_failure
2026-02-18 21:14:49 | INFO     | NetworkSimulator | STP Recalculation | [root_node=Node1 | link_count=3]
2026-02-18 21:14:49 | INFO     | NetworkSimulator | Scenario Executed: link_failure | [result=success]
2026-02-18 21:14:49 | INFO     | NetworkSimulator | API Response: POST /api/test/scenario/link_failure -> 200
2026-02-18 21:14:49 | INFO     | NetworkSimulator | API Request: GET /api/topology
2026-02-18 21:14:49 | INFO     | NetworkSimulator | API Response: GET /api/topology -> 200
2026-02-18 21:14:50 | INFO     | NetworkSimulator | API Request: POST /api/test/scenario/link_failure
2026-02-18 21:14:50 | INFO     | NetworkSimulator | STP Recalculation | [root_node=Node1 | link_count=3]
2026-02-18 21:14:50 | INFO     | NetworkSimulator | Scenario Executed: link_failure | [result=success]
2026-02-18 21:14:50 | INFO     | NetworkSimulator | API Response: POST /api/test/scenario/link_failure -> 200
2026-02-18 21:14:50 | INFO     | NetworkSimulator | API Request: GET /api/topology
2026-02-18 21:14:50 | INFO     | NetworkSimulator | API Response: GET /api/topology -> 200
2026-02-18 21:14:55 | INFO     | NetworkSimulator | API Request: POST /api/test/scenario/link_failure
2026-02-18 21:14:55 | INFO     | NetworkSimulator | STP Recalculation | [root_node=Node1 | link_count=3]
2026-02-18 21:14:55 | INFO     | NetworkSimulator | Scenario Executed: link_failure | [result=success]
2026-02-18 21:14:55 | INFO     | NetworkSimulator | API Response: POST /api/test/scenario/link_failure -> 200
2026-02-18 21:14:55 | INFO     | NetworkSimulator | API Request: GET /api/topology
2026-02-18 21:14:55 | INFO     | NetworkSimulator | API Response: GET /api/topology -> 200
2026-02-18 21:15:10 | INFO     | NetworkSimulator | API Request: POST /api/test/scenario/link_failure
2026-02-18 21:15:10 | INFO     | NetworkSimulator | STP Recalculation | [root_node=Node1 | link_count=3]
2026-02-18 21:15:10 | INFO     | NetworkSimulator | Scenario Executed: link_failure | [result=success]
2026-02-18 21:15:10 | INFO     | NetworkSimulator | API Response: POST /api/test/scenario/link_failure -> 200
2026-02-18 21:15:10 | INFO     | NetworkSimulator | API Request: GET /api/topology
2026-02-18 21:15:10 | INFO     | NetworkSimulator | API Response: GET /api/topology -> 200
2026-02-18 21:15:15 | INFO     | NetworkSimulator | API Request: POST /api/test/scenario/link_failure
2026-02-18 21:15:15 | INFO     | NetworkSimulator | STP Recalculation | [root_node=Node1 | link_count=3]
2026-02-18 21:15:15 | INFO     | NetworkSimulator | Scenario Executed: link_failure | [result=success]
2026-02-18 21:15:15 | INFO     | NetworkSimulator | API Response: POST /api/test/scenario/link_failure -> 200
2026-02-18 21:15:15 | INFO     | NetworkSimulator | API Request: GET /api/topology
2026-02-18 21:15:15 | INFO     | NetworkSimulator | API Response: GET /api/topology -> 200
2026-02-18 21:15:30 | INFO     | NetworkSimulator | API Request: POST /api/test/scenario/link_failure
2026-02-18 21:15:30 | INFO     | NetworkSimulator | STP Recalculation | [root_node=Node1 | link_count=3]
2026-02-18 21:15:30 | INFO     | NetworkSimulator | Scenario Executed: link_failure | [result=success]
2026-02-18 21:15:30 | INFO     | NetworkSimulator | API Response: POST /api/test/scenario/link_failure -> 200
2026-02-18 21:15:30 | INFO     | NetworkSimulator | API Request: GET /api/topology
2026-02-18 21:15:30 | INFO     | NetworkSimulator | API Response: GET /api/topology -> 200
2026-02-18 21:15:36 | INFO     | NetworkSimulator | API Request: POST /api/test/scenario/link_recovery
2026-02-18 21:15:36 | INFO     | NetworkSimulator | STP Recalculation | [root_node=Node1 | link_count=3]
2026-02-18 21:15:36 | INFO     | NetworkSimulator | Scenario Executed: link_recovery | [result=success]
2026-02-18 21:15:36 | INFO     | NetworkSimulator | API Response: POST /api/test/scenario/link_recovery -> 200
2026-02-18 21:15:36 | INFO     | NetworkSimulator | API Request: GET /api/topology
2026-02-18 21:15:36 | INFO     | NetworkSimulator | API Response: GET /api/topology -> 200
2026-02-18 21:15:41 | INFO     | NetworkSimulator | API Request: POST /api/test/scenario/link_failure
2026-02-18 21:15:41 | INFO     | NetworkSimulator | STP Recalculation | [root_node=Node1 | link_count=3]
2026-02-18 21:15:41 | INFO     | NetworkSimulator | Scenario Executed: link_failure | [result=success]
2026-02-18 21:15:41 | INFO     | NetworkSimulator | API Response: POST /api/test/scenario/link_failure -> 200
2026-02-18 21:15:41 | INFO     | NetworkSimulator | API Request: GET /api/topology
2026-02-18 21:15:41 | INFO     | NetworkSimulator | API Response: GET /api/topology -> 200
2026-02-18 21:15:48 | INFO     | NetworkSimulator | API Request: POST /api/test/scenario/link_recovery
2026-02-18 21:15:48 | INFO     | NetworkSimulator | STP Recalculation | [root_node=Node1 | link_count=3]
2026-02-18 21:15:48 | INFO     | NetworkSimulator | Scenario Executed: link_recovery | [result=success]
2026-02-18 21:15:48 | INFO     | NetworkSimulator | API Response: POST /api/test/scenario/link_recovery -> 200
2026-02-18 21:15:48 | INFO     | NetworkSimulator | API Request: GET /api/topology
2026-02-18 21:15:48 | INFO     | NetworkSimulator | API Response: GET /api/topology -> 200
2026-02-18 21:15:49 | INFO     | NetworkSimulator | API Request: POST /api/test/scenario/link_recovery
2026-02-18 21:15:49 | INFO     | NetworkSimulator | Scenario Executed: link_recovery | [result=success]
2026-02-18 21:15:49 | INFO     | NetworkSimulator | API Response: POST /api/test/scenario/link_recovery -> 200
2026-02-18 21:15:49 | INFO     | NetworkSimulator | API Request: GET /api/topology
2026-02-18 21:15:49 | INFO     | NetworkSimulator | API Response: GET /api/topology -> 200
2026-02-18 21:15:50 | INFO     | NetworkSimulator | API Request: POST /api/test/scenario/link_failure
2026-02-18 21:15:50 | INFO     | NetworkSimulator | STP Recalculation | [root_node=Node1 | link_count=3]
2026-02-18 21:15:50 | INFO     | NetworkSimulator | Scenario Executed: link_failure | [result=success]
2026-02-18 21:15:50 | INFO     | NetworkSimulator | API Response: POST /api/test/scenario/link_failure -> 200
2026-02-18 21:15:50 | INFO     | NetworkSimulator | API Request: GET /api/topology
2026-02-18 21:15:50 | INFO     | NetworkSimulator | API Response: GET /api/topology -> 200
2026-02-18 21:15:51 | INFO     | NetworkSimulator | API Request: POST /api/test/scenario/link_failure
2026-02-18 21:15:51 | INFO     | NetworkSimulator | Scenario Executed: link_failure | [result=success]
2026-02-18 21:15:51 | INFO     | NetworkSimulator | API Response: POST /api/test/scenario/link_failure -> 200
2026-02-18 21:15:51 | INFO     | NetworkSimulator | API Request: GET /api/topology
2026-02-18 21:15:51 | INFO     | NetworkSimulator | API Response: GET /api/topology -> 200
2026-02-18 21:15:52 | INFO     | NetworkSimulator | API Request: POST /api/test/scenario/link_failure
2026-02-18 21:15:52 | INFO     | NetworkSimulator | STP Recalculation | [root_node=Node1 | link_count=3]
2026-02-18 21:15:52 | INFO     | NetworkSimulator | Scenario Executed: link_failure | [result=success]
2026-02-18 21:15:52 | INFO     | NetworkSimulator | API Response: POST /api/test/scenario/link_failure -> 200
2026-02-18 21:15:52 | INFO     | NetworkSimulator | API Request: GET /api/topology
2026-02-18 21:15:52 | INFO     | NetworkSimulator | API Response: GET /api/topology -> 200
2026-02-18 21:15:52 | INFO     | NetworkSimulator | API Request: POST /api/test/scenario/link_failure
2026-02-18 21:15:52 | INFO     | NetworkSimulator | Scenario Executed: link_failure | [result=success]
2026-02-18 21:15:52 | INFO     | NetworkSimulator | API Response: POST /api/test/scenario/link_failure -> 200
2026-02-18 21:15:52 | INFO     | NetworkSimulator | API Request: GET /api/topology
2026-02-18 21:15:52 | INFO     | NetworkSimulator | API Response: GET /api/topology -> 200
2026-02-18 21:15:53 | INFO     | NetworkSimulator | API Request: POST /api/test/scenario/link_failure
2026-02-18 21:15:53 | INFO     | NetworkSimulator | STP Recalculation | [root_node=Node1 | link_count=3]
2026-02-18 21:15:53 | INFO     | NetworkSimulator | Scenario Executed: link_failure | [result=success]
2026-02-18 21:15:53 | INFO     | NetworkSimulator | API Response: POST /api/test/scenario/link_failure -> 200
2026-02-18 21:15:53 | INFO     | NetworkSimulator | API Request: GET /api/topology
2026-02-18 21:15:53 | INFO     | NetworkSimulator | API Response: GET /api/topology -> 200
2026-02-18 21:15:54 | INFO     | NetworkSimulator | API Request: POST /api/test/scenario/link_recovery
2026-02-18 21:15:54 | INFO     | NetworkSimulator | Scenario Executed: link_recovery | [result=success]
2026-02-18 21:15:54 | INFO     | NetworkSimulator | API Response: POST /api/test/scenario/link_recovery -> 200
2026-02-18 21:15:54 | INFO     | NetworkSimulator | API Request: GET /api/topology
2026-02-18 21:15:54 | INFO     | NetworkSimulator | API Response: GET /api/topology -> 200
2026-02-18 21:15:57 | INFO     | NetworkSimulator | API Request: POST /api/test/scenario/link_recovery
2026-02-18 21:15:57 | INFO     | NetworkSimulator | STP Recalculation | [root_node=Node1 | link_count=3]
2026-02-18 21:15:57 | INFO     | NetworkSimulator | Scenario Executed: link_recovery | [result=success]
2026-02-18 21:15:57 | INFO     | NetworkSimulator | API Response: POST /api/test/scenario/link_recovery -> 200
2026-02-18 21:15:57 | INFO     | NetworkSimulator | API Request: GET /api/topology
2026-02-18 21:15:57 | INFO     | NetworkSimulator | API Response: GET /api/topology -> 200
2026-02-18 21:15:59 | INFO     | NetworkSimulator | API Request: POST /api/test/scenario/node_failure
2026-02-18 21:15:59 | INFO     | NetworkSimulator | STP Recalculation | [root_node=Node1 | link_count=2]
2026-02-18 21:15:59 | INFO     | NetworkSimulator | Scenario Executed: node_failure | [result=success]
2026-02-18 21:15:59 | INFO     | NetworkSimulator | API Response: POST /api/test/scenario/node_failure -> 200
2026-02-18 21:15:59 | INFO     | NetworkSimulator | API Request: GET /api/topology
2026-02-18 21:15:59 | INFO     | NetworkSimulator | API Response: GET /api/topology -> 200
2026-02-18 21:16:00 | INFO     | NetworkSimulator | API Request: POST /api/test/scenario/node_failure
2026-02-18 21:16:00 | INFO     | NetworkSimulator | Scenario Executed: node_failure | [result=success]
2026-02-18 21:16:00 | INFO     | NetworkSimulator | API Response: POST /api/test/scenario/node_failure -> 200
2026-02-18 21:16:00 | INFO     | NetworkSimulator | API Request: GET /api/topology
2026-02-18 21:16:00 | INFO     | NetworkSimulator | API Response: GET /api/topology -> 200
2026-02-18 21:16:01 | INFO     | NetworkSimulator | API Request: POST /api/test/scenario/node_failure
2026-02-18 21:16:01 | INFO     | NetworkSimulator | STP Recalculation | [root_node=Node1 | link_count=2]
2026-02-18 21:16:01 | INFO     | NetworkSimulator | Scenario Executed: node_failure | [result=success]
2026-02-18 21:16:01 | INFO     | NetworkSimulator | API Response: POST /api/test/scenario/node_failure -> 200
2026-02-18 21:16:01 | INFO     | NetworkSimulator | API Request: GET /api/topology
2026-02-18 21:16:01 | INFO     | NetworkSimulator | API Response: GET /api/topology -> 200
2026-02-18 21:16:01 | INFO     | NetworkSimulator | API Request: POST /api/test/scenario/node_failure
2026-02-18 21:16:01 | INFO     | NetworkSimulator | Scenario Executed: node_failure | [result=success]
2026-02-18 21:16:01 | INFO     | NetworkSimulator | API Response: POST /api/test/scenario/node_failure -> 200
2026-02-18 21:16:01 | INFO     | NetworkSimulator | API Request: GET /api/topology
2026-02-18 21:16:01 | INFO     | NetworkSimulator | API Response: GET /api/topology -> 200
2026-02-18 21:16:02 | INFO     | NetworkSimulator | API Request: POST /api/test/scenario/node_failure
2026-02-18 21:16:02 | INFO     | NetworkSimulator | Scenario Executed: node_failure | [result=success]
2026-02-18 21:16:02 | INFO     | NetworkSimulator | API Response: POST /api/test/scenario/node_failure -> 200
2026-02-18 21:16:02 | INFO     | NetworkSimulator | API Request: GET /api/topology
2026-02-18 21:16:02 | INFO     | NetworkSimulator | API Response: GET /api/topology -> 200
2026-02-18 21:16:07 | INFO     | NetworkSimulator | API Request: POST /api/topology/reset
2026-02-18 21:16:07 | INFO     | NetworkSimulator | Topology Change: reset | [node_count=4 | link_count=6]
2026-02-18 21:16:07 | INFO     | NetworkSimulator | API Response: POST /api/topology/reset -> 200
2026-02-18 21:16:07 | INFO     | NetworkSimulator | API Request: GET /api/topology
2026-02-18 21:16:07 | INFO     | NetworkSimulator | API Response: GET /api/topology -> 200
2026-02-18 21:16:08 | INFO     | NetworkSimulator | API Request: POST /api/topology/reset
2026-02-18 21:16:08 | INFO     | NetworkSimulator | Topology Change: reset | [node_count=4 | link_count=6]
2026-02-18 21:16:08 | INFO     | NetworkSimulator | API Response: POST /api/topology/reset -> 200
2026-02-18 21:16:08 | INFO     | NetworkSimulator | API Request: GET /api/topology
2026-02-18 21:16:08 | INFO     | NetworkSimulator | API Response: GET /api/topology -> 200
