2026-02-18 10:46:32 | INFO     | Frontend starting
2026-02-18 10:46:32 | INFO     | GUI starting
2026-02-18 10:46:32 | DEBUG    | GUI Event: setup_start
2026-02-18 10:46:33 | DEBUG    | GUI Event: setup_complete
2026-02-18 10:46:33 | DEBUG    | API Call: GET /api/topology
2026-02-18 10:46:33 | DEBUG    | API Response: GET /api/topology -> success
2026-02-18 10:46:42 | DEBUG    | GUI Event: selection | {'node': None, 'link': 'a7684657-2<->2641dee2-2'}
2026-02-18 10:46:43 | DEBUG    | GUI Event: selection | {'node': None, 'link': 'a7684657-2<->2641dee2-2'}
2026-02-18 10:46:43 | DEBUG    | GUI Event: selection | {'node': None, 'link': 'a7684657-2<->2641dee2-2'}
2026-02-18 15:45:38 | INFO     | Frontend starting
2026-02-18 15:45:38 | INFO     | GUI starting
2026-02-18 15:45:38 | DEBUG    | GUI Event: setup_start
2026-02-18 15:45:38 | DEBUG    | GUI Event: setup_complete
2026-02-18 15:45:38 | DEBUG    | API Call: GET /api/topology
2026-02-18 15:45:38 | DEBUG    | API Response: GET /api/topology -> success
2026-02-18 15:45:49 | DEBUG    | GUI Event: selection | {'node': 'a7684657', 'link': 'a7684657-2<->2641dee2-2'}
2026-02-18 15:45:52 | DEBUG    | GUI Event: selection | {'node': None, 'link': 'e93d7e75-1<->a7684657-1'}
2026-02-18 15:45:53 | DEBUG    | GUI Event: selection | {'node': None, 'link': 'e93d7e75-3<->2b9ff1ed-1'}
2026-02-18 15:45:56 | DEBUG    | GUI Event: selection | {'node': None, 'link': 'e93d7e75-2<->2641dee2-1'}
2026-02-18 15:45:57 | DEBUG    | GUI Event: selection | {'node': None, 'link': 'e93d7e75-2<->2641dee2-1'}
2026-02-18 15:45:58 | DEBUG    | GUI Event: selection | {'node': None, 'link': 'e93d7e75-2<->2641dee2-1'}
2026-02-18 15:46:09 | DEBUG    | GUI Event: selection | {'node': None, 'link': 'e93d7e75-3<->2b9ff1ed-1'}
2026-02-18 15:46:09 | DEBUG    | GUI Event: selection | {'node': None, 'link': 'e93d7e75-3<->2b9ff1ed-1'}
2026-02-18 15:46:10 | DEBUG    | GUI Event: selection | {'node': None, 'link': 'e93d7e75-3<->2b9ff1ed-1'}
2026-02-18 15:46:11 | DEBUG    | GUI Event: selection | {'node': None, 'link': 'e93d7e75-3<->2b9ff1ed-1'}
2026-02-18 15:46:12 | DEBUG    | GUI Event: selection | {'node': None, 'link': 'e93d7e75-3<->2b9ff1ed-1'}
2026-02-18 15:46:16 | DEBUG    | GUI Event: selection | {'node': None, 'link': 'a7684657-3<->2b9ff1ed-2'}
2026-02-18 15:46:21 | DEBUG    | GUI Event: selection | {'node': 'a7684657', 'link': None}
2026-02-18 15:46:23 | DEBUG    | GUI Event: selection | {'node': 'e93d7e75', 'link': 'e93d7e75-1<->a7684657-1'}
2026-02-18 15:46:26 | DEBUG    | GUI Event: selection | {'node': '2641dee2', 'link': '2641dee2-3<->2b9ff1ed-3'}
2026-02-18 15:46:35 | INFO     | User Action: button_click | {'button': 'reset'}
2026-02-18 15:46:35 | DEBUG    | API Response: POST /api/topology/reset -> success
2026-02-18 15:46:35 | DEBUG    | API Call: GET /api/topology
2026-02-18 15:46:35 | DEBUG    | API Response: GET /api/topology -> success
2026-02-18 15:46:44 | DEBUG    | GUI Event: selection | {'node': '884fffc6', 'link': '884fffc6-3<->f97157f6-3'}
2026-02-18 15:46:46 | INFO     | User Action: button_click | {'button': 'scenario3'}
2026-02-18 15:46:46 | DEBUG    | API Response: POST /api/test/scenario/node_failure -> success
2026-02-18 15:46:46 | DEBUG    | API Call: GET /api/topology
2026-02-18 15:46:46 | DEBUG    | API Response: GET /api/topology -> success
2026-02-18 15:46:51 | DEBUG    | GUI Event: selection | {'node': 'd8b6fec4', 'link': 'b362c2bc-1<->d8b6fec4-1'}
2026-02-18 15:47:00 | DEBUG    | GUI Event: selection | {'node': 'b362c2bc', 'link': 'b362c2bc-1<->d8b6fec4-1'}
2026-02-18 15:47:03 | INFO     | User Action: button_click | {'button': 'toggle_link'}
2026-02-18 15:47:03 | DEBUG    | API Response: POST /api/links/b362c2bc-1<->d8b6fec4-1/toggle -> success
2026-02-18 15:47:03 | DEBUG    | API Call: GET /api/topology
2026-02-18 15:47:03 | DEBUG    | API Response: GET /api/topology -> success
2026-02-18 15:47:05 | INFO     | User Action: button_click | {'button': 'toggle_link'}
2026-02-18 15:47:05 | DEBUG    | API Response: POST /api/links/b362c2bc-1<->d8b6fec4-1/toggle -> success
2026-02-18 15:47:05 | DEBUG    | API Call: GET /api/topology
2026-02-18 15:47:05 | DEBUG    | API Response: GET /api/topology -> success
2026-02-18 15:47:06 | INFO     | User Action: button_click | {'button': 'toggle_link'}
2026-02-18 15:47:06 | DEBUG    | API Response: POST /api/links/b362c2bc-1<->d8b6fec4-1/toggle -> success
2026-02-18 15:47:06 | DEBUG    | API Call: GET /api/topology
2026-02-18 15:47:06 | DEBUG    | API Response: GET /api/topology -> success
2026-02-18 15:47:07 | INFO     | User Action: button_click | {'button': 'toggle_link'}
2026-02-18 15:47:07 | DEBUG    | API Response: POST /api/links/b362c2bc-1<->d8b6fec4-1/toggle -> success
2026-02-18 15:47:07 | DEBUG    | API Call: GET /api/topology
2026-02-18 15:47:07 | DEBUG    | API Response: GET /api/topology -> success
2026-02-18 15:47:10 | DEBUG    | GUI Event: selection | {'node': None, 'link': 'b362c2bc-1<->d8b6fec4-1'}
2026-02-18 15:47:11 | DEBUG    | GUI Event: selection | {'node': None, 'link': 'b362c2bc-1<->d8b6fec4-1'}
2026-02-18 15:47:11 | DEBUG    | GUI Event: selection | {'node': None, 'link': 'b362c2bc-1<->d8b6fec4-1'}
2026-02-18 15:47:13 | DEBUG    | GUI Event: selection | {'node': None, 'link': 'b362c2bc-1<->d8b6fec4-1'}
