2026-02-18 10:39:50 | DEBUG    | GUI Event: setup_start
2026-02-18 10:39:50 | DEBUG    | GUI Event: setup_complete
2026-02-18 10:39:50 | DEBUG    | GUI Event: setup_start
2026-02-18 10:39:51 | DEBUG    | GUI Event: setup_complete
2026-02-18 10:39:51 | DEBUG    | GUI Event: setup_start
2026-02-18 10:39:51 | DEBUG    | GUI Event: setup_complete
2026-02-18 10:39:51 | DEBUG    | API Call: GET /api/topology
2026-02-18 10:39:51 | DEBUG    | API Response: GET /api/topology -> success
2026-02-18 10:39:51 | DEBUG    | GUI Event: setup_start
2026-02-18 10:39:51 | DEBUG    | GUI Event: setup_complete
2026-02-18 10:39:51 | DEBUG    | API Call: GET /api/topology
2026-02-18 10:39:51 | DEBUG    | API Response: GET /api/topology -> success
2026-02-18 10:39:51 | DEBUG    | GUI Event: setup_start
2026-02-18 10:39:51 | DEBUG    | GUI Event: setup_complete
2026-02-18 10:39:51 | DEBUG    | GUI Event: setup_start
2026-02-18 10:39:51 | DEBUG    | GUI Event: setup_complete
2026-02-18 10:39:51 | DEBUG    | GUI Event: setup_start
2026-02-18 10:39:51 | DEBUG    | GUI Event: setup_complete
2026-02-18 10:39:51 | DEBUG    | API Call: GET /api/topology
2026-02-18 10:39:51 | DEBUG    | API Response: GET /api/topology -> success
2026-02-18 10:39:51 | INFO     | User Action: button_click | {'button': 'reset'}
2026-02-18 10:39:51 | DEBUG    | API Response: POST /api/topology/reset -> success
2026-02-18 10:39:51 | DEBUG    | API Call: GET /api/topology
2026-02-18 10:39:51 | DEBUG    | API Response: GET /api/topology -> success
2026-02-18 10:39:51 | DEBUG    | GUI Event: setup_start
2026-02-18 10:39:52 | DEBUG    | GUI Event: setup_complete
2026-02-18 10:39:52 | DEBUG    | API Call: GET /api/topology
2026-02-18 10:39:52 | DEBUG    | API Response: GET /api/topology -> success
2026-02-18 10:39:52 | DEBUG    | GUI Event: setup_start
2026-02-18 10:39:52 | DEBUG    | GUI Event: setup_complete
2026-02-18 10:39:52 | DEBUG    | API Call: GET /api/topology
2026-02-18 10:39:52 | DEBUG    | API Response: GET /api/topology -> success
2026-02-18 10:39:52 | DEBUG    | GUI Event: setup_start
2026-02-18 10:39:52 | DEBUG    | GUI Event: setup_complete
2026-02-18 10:39:52 | DEBUG    | API Call: GET /api/topology
2026-02-18 10:39:52 | DEBUG    | API Response: GET /api/topology -> success
2026-02-18 10:39:52 | DEBUG    | GUI Event: setup_start
2026-02-18 10:39:52 | DEBUG    | GUI Event: setup_complete
2026-02-18 10:39:52 | INFO     | User Action: button_click | {'button': 'scenario1'}
2026-02-18 10:39:52 | DEBUG    | API Response: POST /api/test/scenario/link_failure -> success
2026-02-18 10:39:52 | DEBUG    | API Call: GET /api/topology
2026-02-18 10:39:52 | DEBUG    | API Response: GET /api/topology -> success
2026-02-18 10:39:52 | DEBUG    | GUI Event: setup_start
2026-02-18 10:39:52 | DEBUG    | GUI Event: setup_complete
2026-02-18 10:39:52 | INFO     | User Action: button_click | {'button': 'scenario2'}
2026-02-18 10:39:52 | DEBUG    | API Response: POST /api/test/scenario/link_recovery -> success
2026-02-18 10:39:52 | DEBUG    | API Call: GET /api/topology
2026-02-18 10:39:52 | DEBUG    | API Response: GET /api/topology -> success
2026-02-18 10:39:53 | DEBUG    | GUI Event: setup_start
2026-02-18 10:39:53 | DEBUG    | GUI Event: setup_complete
2026-02-18 10:39:53 | INFO     | User Action: button_click | {'button': 'scenario3'}
2026-02-18 10:39:53 | DEBUG    | API Response: POST /api/test/scenario/node_failure -> success
2026-02-18 10:39:53 | DEBUG    | API Call: GET /api/topology
2026-02-18 10:39:53 | DEBUG    | API Response: GET /api/topology -> success
2026-02-18 15:42:57 | DEBUG    | GUI Event: setup_start
2026-02-18 15:42:57 | DEBUG    | GUI Event: setup_complete
2026-02-18 15:42:57 | DEBUG    | GUI Event: setup_start
2026-02-18 15:42:57 | DEBUG    | GUI Event: setup_complete
2026-02-18 15:42:57 | DEBUG    | GUI Event: setup_start
2026-02-18 15:42:57 | DEBUG    | GUI Event: setup_complete
2026-02-18 15:42:57 | DEBUG    | API Call: GET /api/topology
2026-02-18 15:42:57 | DEBUG    | API Response: GET /api/topology -> success
2026-02-18 15:42:57 | DEBUG    | GUI Event: setup_start
2026-02-18 15:42:57 | DEBUG    | GUI Event: setup_complete
2026-02-18 15:42:57 | DEBUG    | API Call: GET /api/topology
2026-02-18 15:42:57 | DEBUG    | API Response: GET /api/topology -> success
2026-02-18 15:42:57 | DEBUG    | GUI Event: setup_start
2026-02-18 15:42:57 | DEBUG    | GUI Event: setup_complete
2026-02-18 15:42:57 | DEBUG    | GUI Event: setup_start
2026-02-18 15:42:58 | DEBUG    | GUI Event: setup_complete
2026-02-18 15:42:58 | DEBUG    | GUI Event: setup_start
2026-02-18 15:42:58 | DEBUG    | GUI Event: setup_complete
2026-02-18 15:42:58 | DEBUG    | API Call: GET /api/topology
2026-02-18 15:42:58 | DEBUG    | API Response: GET /api/topology -> success
2026-02-18 15:42:58 | INFO     | User Action: button_click | {'button': 'reset'}
2026-02-18 15:42:58 | DEBUG    | API Response: POST /api/topology/reset -> success
2026-02-18 15:42:58 | DEBUG    | API Call: GET /api/topology
2026-02-18 15:42:58 | DEBUG    | API Response: GET /api/topology -> success
2026-02-18 15:42:58 | DEBUG    | GUI Event: setup_start
2026-02-18 15:42:58 | DEBUG    | GUI Event: setup_complete
2026-02-18 15:42:58 | DEBUG    | API Call: GET /api/topology
2026-02-18 15:42:58 | DEBUG    | API Response: GET /api/topology -> success
2026-02-18 15:42:58 | DEBUG    | GUI Event: setup_start
2026-02-18 15:42:58 | DEBUG    | GUI Event: setup_complete
2026-02-18 15:42:58 | DEBUG    | API Call: GET /api/topology
2026-02-18 15:42:58 | DEBUG    | API Response: GET /api/topology -> success
2026-02-18 15:42:58 | DEBUG    | GUI Event: setup_start
2026-02-18 15:42:58 | DEBUG    | GUI Event: setup_complete
2026-02-18 15:42:58 | DEBUG    | API Call: GET /api/topology
2026-02-18 15:42:58 | DEBUG    | API Response: GET /api/topology -> success
2026-02-18 15:42:58 | DEBUG    | GUI Event: setup_start
2026-02-18 15:42:58 | DEBUG    | GUI Event: setup_complete
2026-02-18 15:42:58 | INFO     | User Action: button_click | {'button': 'scenario1'}
2026-02-18 15:42:58 | DEBUG    | API Response: POST /api/test/scenario/link_failure -> success
2026-02-18 15:42:58 | DEBUG    | API Call: GET /api/topology
2026-02-18 15:42:58 | DEBUG    | API Response: GET /api/topology -> success
2026-02-18 15:42:58 | DEBUG    | GUI Event: setup_start
2026-02-18 15:42:58 | DEBUG    | GUI Event: setup_complete
2026-02-18 15:42:58 | INFO     | User Action: button_click | {'button': 'scenario2'}
2026-02-18 15:42:58 | DEBUG    | API Response: POST /api/test/scenario/link_recovery -> success
2026-02-18 15:42:58 | DEBUG    | API Call: GET /api/topology
2026-02-18 15:42:58 | DEBUG    | API Response: GET /api/topology -> success
2026-02-18 15:42:58 | DEBUG    | GUI Event: setup_start
2026-02-18 15:42:59 | DEBUG    | GUI Event: setup_complete
2026-02-18 15:42:59 | INFO     | User Action: button_click | {'button': 'scenario3'}
2026-02-18 15:42:59 | DEBUG    | API Response: POST /api/test/scenario/node_failure -> success
2026-02-18 15:42:59 | DEBUG    | API Call: GET /api/topology
2026-02-18 15:42:59 | DEBUG    | API Response: GET /api/topology -> success
